2022-03-14 09:29:56,189 - INFO - Running data/Reclaimed_Wastewater against database/CARD/broadstreet/protein_fasta_protein_homolog_model.fasta
2022-03-14 09:29:56,191 - INFO - ----- Parameters -----
2022-03-14 09:29:56,191 - INFO - Query file: data/Reclaimed_Wastewater
2022-03-14 09:29:56,191 - INFO - Database file: database/CARD/broadstreet/protein_fasta_protein_homolog_model.fasta
2022-03-14 09:29:56,191 - INFO - Annotation file: database/CARD/broadstreet/aro_categories_index.tsv
2022-03-14 09:29:56,191 - INFO - Subject cover: 70
2022-03-14 09:29:56,191 - INFO - Distance: 20
2022-03-14 09:29:56,191 - INFO - Logging directory: log/Reclaimed_Wastewater
2022-03-14 09:29:56,191 - INFO - Results directory: results/Reclaimed_Wastewater
2022-03-14 09:29:56,191 - INFO - ----------------------
2022-03-14 09:29:56,201 - INFO - Run the QC steps: remove adapters and low-quality reads
2022-03-14 09:29:56,206 - INFO - Fastp of data/Reclaimed_Wastewater/SRR12900975_1.fastq and data/Reclaimed_Wastewater/SRR12900975_2.fastq
Read1 before filtering:
total reads: 26381531
total bases: 3983611181
Q20 bases: 3739621231(93.8752%)
Q30 bases: 3489963210(87.608%)

Read2 before filtering:
total reads: 26381531
total bases: 3983611181
Q20 bases: 3648160993(91.5792%)
Q30 bases: 3316650549(83.2574%)

Read1 after filtering:
total reads: 25372790
total bases: 3758561214
Q20 bases: 3560493921(94.7302%)
Q30 bases: 3334486853(88.7171%)

Read2 after filtering:
total reads: 25372790
total bases: 3758561214
Q20 bases: 3514937653(93.5182%)
Q30 bases: 3214190600(85.5165%)

Filtering result:
reads passed filter: 50745580
reads failed due to low quality: 1958260
reads failed due to too many N: 59222
reads failed due to too short: 0
reads with adapter trimmed: 5637984
bases trimmed due to adapters: 147625884

Duplication rate: 1.83017%

Insert size peak (evaluated by paired-end reads): 214

JSON report: fastp.json
HTML report: fastp.html

fastp -i data/Reclaimed_Wastewater/SRR12900975_1.fastq -I data/Reclaimed_Wastewater/SRR12900975_2.fastq -o results/Reclaimed_Wastewater/03-14--09-29-56/fastp_SRR12900975_1.fastq -O results/Reclaimed_Wastewater/03-14--09-29-56/fastp_SRR12900975_2.fastq --average_qual 10 
fastp v0.23.2, time used: 127 seconds
2022-03-14 09:32:04,045 - INFO - Fastp of data/Reclaimed_Wastewater/SRR12900976_1.fastq and data/Reclaimed_Wastewater/SRR12900976_2.fastq
Read1 before filtering:
total reads: 16137090
total bases: 2436700590
Q20 bases: 2324716000(95.4043%)
Q30 bases: 2179444423(89.4424%)

Read2 before filtering:
total reads: 16137090
total bases: 2436700590
Q20 bases: 2301886140(94.4673%)
Q30 bases: 2177934276(89.3805%)

Read1 after filtering:
total reads: 15637889
total bases: 2275973157
Q20 bases: 2192686993(96.3406%)
Q30 bases: 2065308329(90.744%)

Read2 after filtering:
total reads: 15637889
total bases: 2275973157
Q20 bases: 2186965818(96.0893%)
Q30 bases: 2083811326(91.5569%)

Filtering result:
reads passed filter: 31275778
reads failed due to low quality: 989892
reads failed due to too many N: 8510
reads failed due to too short: 0
reads with adapter trimmed: 6675622
bases trimmed due to adapters: 172972024

Duplication rate: 1.52048%

Insert size peak (evaluated by paired-end reads): 172

JSON report: fastp.json
HTML report: fastp.html

fastp -i data/Reclaimed_Wastewater/SRR12900976_1.fastq -I data/Reclaimed_Wastewater/SRR12900976_2.fastq -o results/Reclaimed_Wastewater/03-14--09-29-56/fastp_SRR12900976_1.fastq -O results/Reclaimed_Wastewater/03-14--09-29-56/fastp_SRR12900976_2.fastq --average_qual 10 
fastp v0.23.2, time used: 79 seconds
2022-03-14 09:33:23,968 - INFO - Fastp of data/Reclaimed_Wastewater/SRR12900977_1.fastq and data/Reclaimed_Wastewater/SRR12900977_2.fastq
Read1 before filtering:
total reads: 15150993
total bases: 2287799943
Q20 bases: 2193611037(95.883%)
Q30 bases: 2063045755(90.176%)

Read2 before filtering:
total reads: 15150993
total bases: 2287799943
Q20 bases: 2165664973(94.6615%)
Q30 bases: 2046026080(89.432%)

Read1 after filtering:
total reads: 14710850
total bases: 2157637205
Q20 bases: 2084616177(96.6157%)
Q30 bases: 1967741936(91.1989%)

Read2 after filtering:
total reads: 14710850
total bases: 2157637205
Q20 bases: 2075347386(96.1861%)
Q30 bases: 1972423915(91.4159%)

Filtering result:
reads passed filter: 29421700
reads failed due to low quality: 872144
reads failed due to too many N: 8142
reads failed due to too short: 0
reads with adapter trimmed: 5348136
bases trimmed due to adapters: 129166742

Duplication rate: 1.86108%

Insert size peak (evaluated by paired-end reads): 174

JSON report: fastp.json
HTML report: fastp.html

fastp -i data/Reclaimed_Wastewater/SRR12900977_1.fastq -I data/Reclaimed_Wastewater/SRR12900977_2.fastq -o results/Reclaimed_Wastewater/03-14--09-29-56/fastp_SRR12900977_1.fastq -O results/Reclaimed_Wastewater/03-14--09-29-56/fastp_SRR12900977_2.fastq --average_qual 10 
fastp v0.23.2, time used: 74 seconds
2022-03-14 09:34:37,293 - INFO - Fastp of data/Reclaimed_Wastewater/SRR12900978_1.fastq and data/Reclaimed_Wastewater/SRR12900978_2.fastq
Read1 before filtering:
total reads: 18848916
total bases: 2846186316
Q20 bases: 2722148632(95.642%)
Q30 bases: 2571231903(90.3395%)

Read2 before filtering:
total reads: 18848916
total bases: 2846186316
Q20 bases: 2670802574(93.8379%)
Q30 bases: 2471038073(86.8193%)

Read1 after filtering:
total reads: 18302420
total bases: 2698471092
Q20 bases: 2601795671(96.4174%)
Q30 bases: 2466869890(91.4173%)

Read2 after filtering:
total reads: 18302420
total bases: 2698471092
Q20 bases: 2574011774(95.3878%)
Q30 bases: 2395179730(88.7606%)

Filtering result:
reads passed filter: 36604840
reads failed due to low quality: 1082680
reads failed due to too many N: 10312
reads failed due to too short: 0
reads with adapter trimmed: 6560026
bases trimmed due to adapters: 132076806

Duplication rate: 6.2302%

Insert size peak (evaluated by paired-end reads): 162

JSON report: fastp.json
HTML report: fastp.html

fastp -i data/Reclaimed_Wastewater/SRR12900978_1.fastq -I data/Reclaimed_Wastewater/SRR12900978_2.fastq -o results/Reclaimed_Wastewater/03-14--09-29-56/fastp_SRR12900978_1.fastq -O results/Reclaimed_Wastewater/03-14--09-29-56/fastp_SRR12900978_2.fastq --average_qual 10 
fastp v0.23.2, time used: 91 seconds
2022-03-14 09:36:08,142 - INFO - Fastp of data/Reclaimed_Wastewater/SRR12900979_1.fastq and data/Reclaimed_Wastewater/SRR12900979_2.fastq
Read1 before filtering:
total reads: 16591088
total bases: 2505254288
Q20 bases: 2401346580(95.8524%)
Q30 bases: 2259076247(90.1735%)

Read2 before filtering:
total reads: 16591088
total bases: 2505254288
Q20 bases: 2352082215(93.886%)
Q30 bases: 2214233755(88.3836%)

Read1 after filtering:
total reads: 16071671
total bases: 2355118428
Q20 bases: 2275059357(96.6006%)
Q30 bases: 2149210895(91.257%)

Read2 after filtering:
total reads: 16071671
total bases: 2355118428
Q20 bases: 2250915976(95.5755%)
Q30 bases: 2132069071(90.5292%)

Filtering result:
reads passed filter: 32143342
reads failed due to low quality: 1030032
reads failed due to too many N: 8802
reads failed due to too short: 0
reads with adapter trimmed: 5801422
bases trimmed due to adapters: 145384458

Duplication rate: 1.45506%

Insert size peak (evaluated by paired-end reads): 186

JSON report: fastp.json
HTML report: fastp.html

fastp -i data/Reclaimed_Wastewater/SRR12900979_1.fastq -I data/Reclaimed_Wastewater/SRR12900979_2.fastq -o results/Reclaimed_Wastewater/03-14--09-29-56/fastp_SRR12900979_1.fastq -O results/Reclaimed_Wastewater/03-14--09-29-56/fastp_SRR12900979_2.fastq --average_qual 10 
fastp v0.23.2, time used: 84 seconds
2022-03-14 09:37:32,719 - INFO - Fastp of data/Reclaimed_Wastewater/SRR12900980_1.fastq and data/Reclaimed_Wastewater/SRR12900980_2.fastq
Read1 before filtering:
total reads: 15450563
total bases: 2333035013
Q20 bases: 2235439751(95.8168%)
Q30 bases: 2104703842(90.2131%)

Read2 before filtering:
total reads: 15450563
total bases: 2333035013
Q20 bases: 2203180715(94.4341%)
Q30 bases: 2077328406(89.0397%)

Read1 after filtering:
total reads: 15000125
total bases: 2206841635
Q20 bases: 2131314502(96.5776%)
Q30 bases: 2014078272(91.2652%)

Read2 after filtering:
total reads: 15000125
total bases: 2206841635
Q20 bases: 2119254263(96.0311%)
Q30 bases: 2009724339(91.0679%)

Filtering result:
reads passed filter: 30000250
reads failed due to low quality: 892688
reads failed due to too many N: 8188
reads failed due to too short: 0
reads with adapter trimmed: 4680510
bases trimmed due to adapters: 117719800

Duplication rate: 1.46958%

Insert size peak (evaluated by paired-end reads): 186

JSON report: fastp.json
HTML report: fastp.html

fastp -i data/Reclaimed_Wastewater/SRR12900980_1.fastq -I data/Reclaimed_Wastewater/SRR12900980_2.fastq -o results/Reclaimed_Wastewater/03-14--09-29-56/fastp_SRR12900980_1.fastq -O results/Reclaimed_Wastewater/03-14--09-29-56/fastp_SRR12900980_2.fastq --average_qual 10 
fastp v0.23.2, time used: 81 seconds
2022-03-14 09:38:54 - MEGAHIT v1.2.9
2022-03-14 09:38:54 - Using megahit_core with POPCNT and BMI2 support
2022-03-14 09:38:54 - Convert reads to binary library
2022-03-14 09:39:39 - b'INFO  sequence/io/sequence_lib.cpp  :   75 - Lib 0 (/home/khoidnyds/Bifunctions/results/Reclaimed_Wastewater/03-14--09-29-56/fastp_SRR12900975_1.fastq,/home/khoidnyds/Bifunctions/results/Reclaimed_Wastewater/03-14--09-29-56/fastp_SRR12900975_2.fastq): pe, 50745580 reads, 151 max length'
2022-03-14 09:40:05 - b'INFO  sequence/io/sequence_lib.cpp  :   75 - Lib 1 (/home/khoidnyds/Bifunctions/results/Reclaimed_Wastewater/03-14--09-29-56/fastp_SRR12900976_1.fastq,/home/khoidnyds/Bifunctions/results/Reclaimed_Wastewater/03-14--09-29-56/fastp_SRR12900976_2.fastq): pe, 31275778 reads, 151 max length'
2022-03-14 09:40:30 - b'INFO  sequence/io/sequence_lib.cpp  :   75 - Lib 2 (/home/khoidnyds/Bifunctions/results/Reclaimed_Wastewater/03-14--09-29-56/fastp_SRR12900977_1.fastq,/home/khoidnyds/Bifunctions/results/Reclaimed_Wastewater/03-14--09-29-56/fastp_SRR12900977_2.fastq): pe, 29421700 reads, 151 max length'
2022-03-14 09:41:00 - b'INFO  sequence/io/sequence_lib.cpp  :   75 - Lib 3 (/home/khoidnyds/Bifunctions/results/Reclaimed_Wastewater/03-14--09-29-56/fastp_SRR12900978_1.fastq,/home/khoidnyds/Bifunctions/results/Reclaimed_Wastewater/03-14--09-29-56/fastp_SRR12900978_2.fastq): pe, 36604840 reads, 151 max length'
2022-03-14 09:41:28 - b'INFO  sequence/io/sequence_lib.cpp  :   75 - Lib 4 (/home/khoidnyds/Bifunctions/results/Reclaimed_Wastewater/03-14--09-29-56/fastp_SRR12900979_1.fastq,/home/khoidnyds/Bifunctions/results/Reclaimed_Wastewater/03-14--09-29-56/fastp_SRR12900979_2.fastq): pe, 32143342 reads, 151 max length'
2022-03-14 09:41:51 - b'INFO  sequence/io/sequence_lib.cpp  :   75 - Lib 5 (/home/khoidnyds/Bifunctions/results/Reclaimed_Wastewater/03-14--09-29-56/fastp_SRR12900980_1.fastq,/home/khoidnyds/Bifunctions/results/Reclaimed_Wastewater/03-14--09-29-56/fastp_SRR12900980_2.fastq): pe, 30000250 reads, 151 max length'
2022-03-14 09:41:51 - b'INFO  utils/utils.h                 :  152 - Real: 177.3381\tuser: 171.9305\tsys: 20.1770\tmaxrss: 257880'
Traceback (most recent call last):
  File "/home/khoidnyds/miniconda3/envs/bifunc/bin/megahit", line 1038, in <module>
    main()
  File "/home/khoidnyds/miniconda3/envs/bifunc/bin/megahit", line 990, in main
    if set_max_k_by_lib():
  File "/home/khoidnyds/miniconda3/envs/bifunc/bin/megahit", line 761, in set_max_k_by_lib
    max_read_len = get_max_read_len()
  File "/home/khoidnyds/miniconda3/envs/bifunc/bin/megahit", line 750, in get_max_read_len
    with open(opt.read_lib_path + '.lib_info') as read_info:
FileNotFoundError: [Errno 2] No such file or directory: '/home/khoidnyds/Bifunctions/results/Reclaimed_Wastewater/03-14--09-29-56/megahit/tmp/reads.lib.lib_info'
2022-03-14 09:41:51,999 - INFO - Cannot read FASTA file results/Reclaimed_Wastewater/03-14--09-29-56/megahit/final.contigs.fa
2022-03-14 09:41:52,000 - INFO - Total running time: 11:55

